# JRE version: OpenJDK Runtime Environment Temurin-17.0.7+7 (17.0.7+7) (build 17.0.7+7)
# Java VM: OpenJDK 64-Bit Server VM Temurin-17.0.7+7 (17.0.7+7, mixed mode, emulated-client, tiered, compressed oops, compressed class ptrs, g1 gc, windows-amd64)
GC Precious Log:
 CPUs: 8 total, 8 available
 Memory: 8103M
 Large Page Support: Disabled
 NUMA Support: Disabled
 Compressed Oops: Enabled (32-bit)
 Heap Region Size: 1M
 Heap Min Capacity: 8M
 Heap Initial Capacity: 128M
 Heap Max Capacity: 2026M
 Pre-touch: Disabled
 Parallel Workers: 8
 Concurrent Workers: 2
 Concurrent Refinement Workers: 8
 Periodic GC: Disabled
Heap:
 garbage-first heap   total 76800K, used 44657K [0x0000000081600000, 0x0000000100000000)
  region size 1024K, 3 young (3072K), 3 survivors (3072K)
 Metaspace       used 53889K, committed 54464K, reserved 1114112K
  class space    used 6587K, committed 6848K, reserved 1048576K
GC Heap History (20 events):
Event: 1648.641 GC heap after
{Heap after GC invocations=131 (full 15):
 garbage-first heap   total 65536K, used 30765K [0x0000000081600000, 0x0000000100000000)
  region size 1024K, 3 young (3072K), 3 survivors (3072K)
 Metaspace       used 53907K, committed 54464K, reserved 1114112K
  class space    used 6591K, committed 6848K, reserved 1048576K
}
Event: 1648.778 GC heap before
{Heap before GC invocations=131 (full 15):
 garbage-first heap   total 65536K, used 46125K [0x0000000081600000, 0x0000000100000000)
  region size 1024K, 19 young (19456K), 3 survivors (3072K)
 Metaspace       used 53907K, committed 54464K, reserved 1114112K
  class space    used 6591K, committed 6848K, reserved 1048576K
}
Event: 1648.786 GC heap after
{Heap after GC invocations=132 (full 15):
 garbage-first heap   total 65536K, used 34552K [0x0000000081600000, 0x0000000100000000)
  region size 1024K, 3 young (3072K), 3 survivors (3072K)
 Metaspace       used 53907K, committed 54464K, reserved 1114112K
  class space    used 6591K, committed 6848K, reserved 1048576K
}
Event: 1648.873 GC heap before
{Heap before GC invocations=132 (full 15):
 garbage-first heap   total 78848K, used 46840K [0x0000000081600000, 0x0000000100000000)
  region size 1024K, 16 young (16384K), 3 survivors (3072K)
 Metaspace       used 53891K, committed 54464K, reserved 1114112K
  class space    used 6588K, committed 6848K, reserved 1048576K
}
Event: 1648.881 GC heap after
{Heap after GC invocations=133 (full 15):
 garbage-first heap   total 155648K, used 38914K [0x0000000081600000, 0x0000000100000000)
  region size 1024K, 2 young (2048K), 2 survivors (2048K)
 Metaspace       used 53891K, committed 54464K, reserved 1114112K
  class space    used 6588K, committed 6848K, reserved 1048576K
}
Event: 1837.747 GC heap before
{Heap before GC invocations=134 (full 15):
 garbage-first heap   total 155648K, used 87042K [0x0000000081600000, 0x0000000100000000)
  region size 1024K, 51 young (52224K), 2 survivors (2048K)
 Metaspace       used 53897K, committed 54464K, reserved 1114112K
  class space    used 6589K, committed 6848K, reserved 1048576K
}
Event: 1837.776 GC heap after
{Heap after GC invocations=135 (full 16):
 garbage-first heap   total 68608K, used 18138K [0x0000000081600000, 0x0000000100000000)
  region size 1024K, 0 young (0K), 0 survivors (0K)
 Metaspace       used 53895K, committed 54464K, reserved 1114112K
  class space    used 6588K, committed 6848K, reserved 1048576K
}
Event: 1837.993 GC heap before
{Heap before GC invocations=135 (full 16):
 garbage-first heap   total 68608K, used 43738K [0x0000000081600000, 0x0000000100000000)
  region size 1024K, 26 young (26624K), 0 survivors (0K)
 Metaspace       used 53908K, committed 54464K, reserved 1114112K
  class space    used 6591K, committed 6848K, reserved 1048576K
}
Event: 1837.995 GC heap after
{Heap after GC invocations=136 (full 16):
 garbage-first heap   total 68608K, used 20462K [0x0000000081600000, 0x0000000100000000)
  region size 1024K, 3 young (3072K), 3 survivors (3072K)
 Metaspace       used 53908K, committed 54464K, reserved 1114112K
  class space    used 6591K, committed 6848K, reserved 1048576K
}
Event: 1838.135 GC heap before
{Heap before GC invocations=137 (full 16):
 garbage-first heap   total 68608K, used 46062K [0x0000000081600000, 0x0000000100000000)
  region size 1024K, 28 young (28672K), 3 survivors (3072K)
 Metaspace       used 53914K, committed 54464K, reserved 1114112K
  class space    used 6592K, committed 6848K, reserved 1048576K
}
Event: 1838.140 GC heap after
{Heap after GC invocations=138 (full 16):
 garbage-first heap   total 68608K, used 25513K [0x0000000081600000, 0x0000000100000000)
  region size 1024K, 4 young (4096K), 4 survivors (4096K)
 Metaspace       used 53914K, committed 54464K, reserved 1114112K
  class space    used 6592K, committed 6848K, reserved 1048576K
}
Event: 1838.141 GC heap before
{Heap before GC invocations=138 (full 16):
 garbage-first heap   total 68608K, used 25513K [0x0000000081600000, 0x0000000100000000)
  region size 1024K, 5 young (5120K), 4 survivors (4096K)
 Metaspace       used 53914K, committed 54464K, reserved 1114112K
  class space    used 6592K, committed 6848K, reserved 1048576K
}
Event: 1838.144 GC heap after
{Heap after GC invocations=139 (full 16):
 garbage-first heap   total 68608K, used 25956K [0x0000000081600000, 0x0000000100000000)
  region size 1024K, 1 young (1024K), 1 survivors (1024K)
 Metaspace       used 53914K, committed 54464K, reserved 1114112K
  class space    used 6592K, committed 6848K, reserved 1048576K
}
Event: 1838.187 GC heap before
{Heap before GC invocations=139 (full 16):
 garbage-first heap   total 68608K, used 46436K [0x0000000081600000, 0x0000000100000000)
  region size 1024K, 22 young (22528K), 1 survivors (1024K)
 Metaspace       used 53916K, committed 54464K, reserved 1114112K
  class space    used 6592K, committed 6848K, reserved 1048576K
}
Event: 1838.190 GC heap after
{Heap after GC invocations=140 (full 16):
 garbage-first heap   total 68608K, used 31273K [0x0000000081600000, 0x0000000100000000)
  region size 1024K, 3 young (3072K), 3 survivors (3072K)
 Metaspace       used 53916K, committed 54464K, reserved 1114112K
  class space    used 6592K, committed 6848K, reserved 1048576K
}
Event: 1838.248 GC heap before
{Heap before GC invocations=140 (full 16):
 garbage-first heap   total 76800K, used 47657K [0x0000000081600000, 0x0000000100000000)
  region size 1024K, 20 young (20480K), 3 survivors (3072K)
 Metaspace       used 53889K, committed 54464K, reserved 1114112K
  class space    used 6587K, committed 6848K, reserved 1048576K
}
Event: 1838.253 GC heap after
{Heap after GC invocations=141 (full 16):
 garbage-first heap   total 76800K, used 36269K [0x0000000081600000, 0x0000000100000000)
  region size 1024K, 3 young (3072K), 3 survivors (3072K)
 Metaspace       used 53889K, committed 54464K, reserved 1114112K
  class space    used 6587K, committed 6848K, reserved 1048576K
}
Event: 1838.291 GC heap before
{Heap before GC invocations=142 (full 16):
 garbage-first heap   total 76800K, used 53677K [0x0000000081600000, 0x0000000100000000)
  region size 1024K, 20 young (20480K), 3 survivors (3072K)
 Metaspace       used 53889K, committed 54464K, reserved 1114112K
  class space    used 6587K, committed 6848K, reserved 1048576K
}
Event: 1838.296 GC heap after
{Heap after GC invocations=143 (full 16):
 garbage-first heap   total 76800K, used 40964K [0x0000000081600000, 0x0000000100000000)
  region size 1024K, 3 young (3072K), 3 survivors (3072K)
 Metaspace       used 53889K, committed 54464K, reserved 1114112K
  class space    used 6587K, committed 6848K, reserved 1048576K
}
Event: 1838.317 GC heap before
{Heap before GC invocations=143 (full 16):
 garbage-first heap   total 76800K, used 55300K [0x0000000081600000, 0x0000000100000000)
  region size 1024K, 17 young (17408K), 3 survivors (3072K)
 Metaspace       used 53889K, committed 54464K, reserved 1114112K
  class space    used 6587K, committed 6848K, reserved 1048576K
}

